<?xml version="1.0" encoding="UTF-8"?>
<testsuite name="com.jsone.approval.ApplicationTests" tests="1" skipped="0" failures="0" errors="0" timestamp="2024-06-20T10:16:55" hostname="seutoui-MacBookAir.local" time="0.452">
  <properties/>
  <testcase name="contextLoads()" classname="com.jsone.approval.ApplicationTests" time="0.452"/>
  <system-out><![CDATA[19:16:54.567 [Test worker] INFO org.springframework.test.context.support.AnnotationConfigContextLoaderUtils -- Could not detect default configuration classes for test class [com.jsone.approval.ApplicationTests]: ApplicationTests does not declare any static, non-private, non-final, nested classes annotated with @Configuration.
19:16:54.609 [Test worker] INFO org.springframework.boot.test.context.SpringBootTestContextBootstrapper -- Found @SpringBootConfiguration com.jsone.approval.Application for test class com.jsone.approval.ApplicationTests

  .   ____          _            __ _ _
 /\\ / ___'_ __ _ _(_)_ __  __ _ \ \ \ \
( ( )\___ | '_ | '_| | '_ \/ _` | \ \ \ \
 \\/  ___)| |_)| | | | | || (_| |  ) ) ) )
  '  |____| .__|_| |_|_| |_\__, | / / / /
 =========|_|==============|___/=/_/_/_/
 :: Spring Boot ::                (v3.2.5)

2024-06-20T19:16:54.755+09:00  INFO 71916 --- [    Test worker] com.jsone.approval.ApplicationTests      : Starting ApplicationTests using Java 21.0.3 with PID 71916 (started by hailey in /Users/hailey/workspace/approval)
2024-06-20T19:16:54.755+09:00  INFO 71916 --- [    Test worker] com.jsone.approval.ApplicationTests      : No active profile set, falling back to 1 default profile: "default"
2024-06-20T19:16:55.050+09:00  WARN 71916 --- [    Test worker] o.m.s.mapper.ClassPathMapperScanner      : No MyBatis mapper was found in '[com.jsone.approval]' package. Please check your configuration.
2024-06-20T19:16:55.383+09:00  INFO 71916 --- [    Test worker] o.s.b.a.w.s.WelcomePageHandlerMapping    : Adding welcome page template: index
2024-06-20T19:16:55.529+09:00  INFO 71916 --- [    Test worker] com.jsone.approval.ApplicationTests      : Started ApplicationTests in 0.869 seconds (process running for 1.38)
]]></system-out>
  <system-err><![CDATA[WARNING: A Java agent has been loaded dynamically (/Users/hailey/.gradle/caches/modules-2/files-2.1/net.bytebuddy/byte-buddy-agent/1.14.13/979ce25f7d3096a2e82214ba7dc972a05ce7a171/byte-buddy-agent-1.14.13.jar)
WARNING: If a serviceability tool is in use, please run with -XX:+EnableDynamicAgentLoading to hide this warning
WARNING: If a serviceability tool is not in use, please run with -Djdk.instrument.traceUsage for more information
WARNING: Dynamic loading of agents will be disallowed by default in a future release
]]></system-err>
</testsuite>
